2018-10-16 12:40:54,941 CRIT Supervisor is running as root.  Privileges were not dropped because no user is specified in the config file.  If you intend to run as root, you can set user=root in the config file to avoid this message.
2018-10-16 12:40:55,029 INFO supervisord started with pid 1
2018-10-16 12:40:56,033 INFO spawned: 'nginx' with pid 9
2018-10-16 12:40:56,039 INFO spawned: 'uwsgi' with pid 10
2018-10-16 12:40:57,187 INFO success: nginx entered RUNNING state, process has stayed up for > than 1 seconds (startsecs)
2018-10-16 12:40:57,187 INFO success: uwsgi entered RUNNING state, process has stayed up for > than 1 seconds (startsecs)
2018-10-16 12:52:07,634 WARN received SIGTERM indicating exit request
2018-10-16 12:52:07,724 INFO waiting for nginx, uwsgi to die
2018-10-16 12:52:08,728 INFO stopped: uwsgi (exit status 0)
2018-10-16 12:52:08,823 INFO stopped: nginx (exit status 0)
2018-10-16 12:53:55,157 CRIT Supervisor is running as root.  Privileges were not dropped because no user is specified in the config file.  If you intend to run as root, you can set user=root in the config file to avoid this message.
2018-10-16 12:53:55,448 INFO supervisord started with pid 1
2018-10-16 12:53:56,452 INFO spawned: 'nginx' with pid 11
2018-10-16 12:53:56,457 INFO spawned: 'uwsgi' with pid 12
2018-10-16 12:53:57,799 INFO success: nginx entered RUNNING state, process has stayed up for > than 1 seconds (startsecs)
2018-10-16 12:53:57,799 INFO success: uwsgi entered RUNNING state, process has stayed up for > than 1 seconds (startsecs)
2018-10-16 13:00:38,022 WARN received SIGTERM indicating exit request
2018-10-16 13:00:38,285 INFO waiting for nginx, uwsgi to die
2018-10-16 13:00:39,290 INFO stopped: uwsgi (exit status 0)
2018-10-16 13:00:39,335 INFO stopped: nginx (exit status 0)
2018-10-16 13:05:46,814 CRIT Supervisor is running as root.  Privileges were not dropped because no user is specified in the config file.  If you intend to run as root, you can set user=root in the config file to avoid this message.
2018-10-16 13:05:46,921 INFO supervisord started with pid 1
2018-10-16 13:05:47,925 INFO spawned: 'nginx' with pid 9
2018-10-16 13:05:47,929 INFO spawned: 'uwsgi' with pid 10
2018-10-16 13:05:49,144 INFO success: nginx entered RUNNING state, process has stayed up for > than 1 seconds (startsecs)
2018-10-16 13:05:49,144 INFO success: uwsgi entered RUNNING state, process has stayed up for > than 1 seconds (startsecs)
2018-10-16 13:06:49,790 WARN received SIGTERM indicating exit request
2018-10-16 13:06:49,930 INFO waiting for nginx, uwsgi to die
2018-10-16 13:06:51,936 INFO stopped: uwsgi (exit status 0)
2018-10-16 13:06:52,540 INFO stopped: nginx (exit status 0)
2018-10-16 13:07:17,202 CRIT Supervisor is running as root.  Privileges were not dropped because no user is specified in the config file.  If you intend to run as root, you can set user=root in the config file to avoid this message.
2018-10-16 13:07:17,321 INFO supervisord started with pid 1
2018-10-16 13:07:18,326 INFO spawned: 'nginx' with pid 9
2018-10-16 13:07:18,329 INFO spawned: 'uwsgi' with pid 10
2018-10-16 13:07:19,936 INFO success: nginx entered RUNNING state, process has stayed up for > than 1 seconds (startsecs)
2018-10-16 13:07:19,937 INFO success: uwsgi entered RUNNING state, process has stayed up for > than 1 seconds (startsecs)
2018-10-16 13:10:52,500 WARN received SIGTERM indicating exit request
2018-10-16 13:10:52,520 INFO waiting for nginx, uwsgi to die
2018-10-16 13:10:53,525 INFO stopped: uwsgi (exit status 0)
2018-10-16 13:10:53,589 INFO stopped: nginx (exit status 0)
2018-10-16 13:11:22,956 CRIT Supervisor is running as root.  Privileges were not dropped because no user is specified in the config file.  If you intend to run as root, you can set user=root in the config file to avoid this message.
2018-10-16 13:11:22,959 INFO supervisord started with pid 1
2018-10-16 13:11:23,961 INFO spawned: 'nginx' with pid 8
2018-10-16 13:11:23,963 INFO spawned: 'uwsgi' with pid 9
2018-10-16 13:11:25,684 INFO success: nginx entered RUNNING state, process has stayed up for > than 1 seconds (startsecs)
2018-10-16 13:11:25,684 INFO success: uwsgi entered RUNNING state, process has stayed up for > than 1 seconds (startsecs)
2018-10-16 13:16:41,235 WARN received SIGTERM indicating exit request
2018-10-16 13:16:41,236 INFO waiting for nginx, uwsgi to die
2018-10-16 13:16:42,238 INFO stopped: uwsgi (exit status 0)
2018-10-16 13:16:42,334 INFO stopped: nginx (exit status 0)
2018-10-16 13:17:07,151 CRIT Supervisor is running as root.  Privileges were not dropped because no user is specified in the config file.  If you intend to run as root, you can set user=root in the config file to avoid this message.
2018-10-16 13:17:07,173 INFO supervisord started with pid 1
2018-10-16 13:17:08,177 INFO spawned: 'nginx' with pid 8
2018-10-16 13:17:08,183 INFO spawned: 'uwsgi' with pid 9
2018-10-16 13:17:10,107 INFO success: nginx entered RUNNING state, process has stayed up for > than 1 seconds (startsecs)
2018-10-16 13:17:10,107 INFO success: uwsgi entered RUNNING state, process has stayed up for > than 1 seconds (startsecs)
2018-10-16 13:20:15,619 WARN received SIGTERM indicating exit request
2018-10-16 13:20:15,666 INFO waiting for nginx, uwsgi to die
2018-10-16 13:20:17,670 INFO stopped: uwsgi (exit status 0)
2018-10-16 13:20:18,084 INFO stopped: nginx (exit status 0)
2018-10-16 13:20:43,845 CRIT Supervisor is running as root.  Privileges were not dropped because no user is specified in the config file.  If you intend to run as root, you can set user=root in the config file to avoid this message.
2018-10-16 13:20:43,905 INFO supervisord started with pid 1
2018-10-16 13:20:44,907 INFO spawned: 'nginx' with pid 9
2018-10-16 13:20:44,910 INFO spawned: 'uwsgi' with pid 10
2018-10-16 13:20:46,667 INFO success: nginx entered RUNNING state, process has stayed up for > than 1 seconds (startsecs)
2018-10-16 13:20:46,667 INFO success: uwsgi entered RUNNING state, process has stayed up for > than 1 seconds (startsecs)
2018-10-16 13:22:04,053 WARN received SIGTERM indicating exit request
2018-10-16 13:22:04,108 INFO waiting for nginx, uwsgi to die
2018-10-16 13:22:06,113 INFO stopped: uwsgi (exit status 0)
2018-10-16 13:22:07,380 INFO stopped: nginx (exit status 0)
2018-10-16 15:33:55,739 CRIT Supervisor is running as root.  Privileges were not dropped because no user is specified in the config file.  If you intend to run as root, you can set user=root in the config file to avoid this message.
2018-10-16 15:33:55,740 INFO supervisord started with pid 1
2018-10-16 15:33:56,742 INFO spawned: 'nginx' with pid 9
2018-10-16 15:33:56,744 INFO spawned: 'uwsgi' with pid 10
2018-10-16 15:33:58,008 INFO success: nginx entered RUNNING state, process has stayed up for > than 1 seconds (startsecs)
2018-10-16 15:33:58,008 INFO success: uwsgi entered RUNNING state, process has stayed up for > than 1 seconds (startsecs)
2018-10-16 15:52:00,148 WARN received SIGTERM indicating exit request
2018-10-16 15:52:00,149 INFO waiting for nginx, uwsgi to die
2018-10-16 15:52:02,156 INFO stopped: uwsgi (exit status 0)
2018-10-16 15:52:02,328 INFO stopped: nginx (exit status 0)
2018-10-16 16:00:54,518 CRIT Supervisor is running as root.  Privileges were not dropped because no user is specified in the config file.  If you intend to run as root, you can set user=root in the config file to avoid this message.
2018-10-16 16:00:54,519 INFO supervisord started with pid 1
2018-10-16 16:00:55,522 INFO spawned: 'nginx' with pid 10
2018-10-16 16:00:55,524 INFO spawned: 'uwsgi' with pid 11
2018-10-16 16:00:56,789 INFO success: nginx entered RUNNING state, process has stayed up for > than 1 seconds (startsecs)
2018-10-16 16:00:56,790 INFO success: uwsgi entered RUNNING state, process has stayed up for > than 1 seconds (startsecs)
2018-10-16 16:07:57,449 WARN received SIGTERM indicating exit request
2018-10-16 16:07:57,452 INFO waiting for nginx, uwsgi to die
2018-10-16 16:07:59,458 INFO stopped: uwsgi (exit status 0)
2018-10-16 16:07:59,578 INFO stopped: nginx (exit status 0)
2018-10-16 16:09:51,954 CRIT Supervisor is running as root.  Privileges were not dropped because no user is specified in the config file.  If you intend to run as root, you can set user=root in the config file to avoid this message.
2018-10-16 16:09:51,955 INFO supervisord started with pid 1
2018-10-16 16:09:52,958 INFO spawned: 'nginx' with pid 9
2018-10-16 16:09:52,961 INFO spawned: 'uwsgi' with pid 10
2018-10-16 16:09:54,216 INFO success: nginx entered RUNNING state, process has stayed up for > than 1 seconds (startsecs)
2018-10-16 16:09:54,229 INFO success: uwsgi entered RUNNING state, process has stayed up for > than 1 seconds (startsecs)
2018-10-16 16:24:35,901 WARN received SIGTERM indicating exit request
2018-10-16 16:24:35,911 INFO waiting for nginx, uwsgi to die
2018-10-16 16:24:37,916 INFO stopped: uwsgi (exit status 0)
2018-10-16 16:24:38,084 INFO stopped: nginx (exit status 0)
2018-10-16 16:29:53,923 CRIT Supervisor is running as root.  Privileges were not dropped because no user is specified in the config file.  If you intend to run as root, you can set user=root in the config file to avoid this message.
2018-10-16 16:29:53,924 INFO supervisord started with pid 1
2018-10-16 16:29:54,929 INFO spawned: 'nginx' with pid 9
2018-10-16 16:29:54,934 INFO spawned: 'uwsgi' with pid 10
2018-10-16 16:29:56,199 INFO success: nginx entered RUNNING state, process has stayed up for > than 1 seconds (startsecs)
2018-10-16 16:29:56,199 INFO success: uwsgi entered RUNNING state, process has stayed up for > than 1 seconds (startsecs)
2018-10-16 16:48:30,473 WARN received SIGTERM indicating exit request
2018-10-16 16:48:30,770 INFO waiting for nginx, uwsgi to die
2018-10-16 16:48:31,617 INFO stopped: uwsgi (exit status 0)
2018-10-16 16:48:32,074 INFO stopped: nginx (exit status 0)
2018-10-16 16:53:25,819 CRIT Supervisor is running as root.  Privileges were not dropped because no user is specified in the config file.  If you intend to run as root, you can set user=root in the config file to avoid this message.
2018-10-16 16:53:25,852 INFO supervisord started with pid 1
2018-10-16 16:53:26,854 INFO spawned: 'nginx' with pid 9
2018-10-16 16:53:26,856 INFO spawned: 'uwsgi' with pid 10
2018-10-16 16:53:28,212 INFO success: nginx entered RUNNING state, process has stayed up for > than 1 seconds (startsecs)
2018-10-16 16:53:28,212 INFO success: uwsgi entered RUNNING state, process has stayed up for > than 1 seconds (startsecs)
2018-10-16 17:10:31,974 WARN received SIGTERM indicating exit request
2018-10-16 17:10:32,125 INFO waiting for nginx, uwsgi to die
2018-10-16 17:10:33,142 INFO stopped: uwsgi (exit status 0)
2018-10-16 17:10:33,213 INFO stopped: nginx (exit status 0)
2018-10-16 17:10:58,152 CRIT Supervisor is running as root.  Privileges were not dropped because no user is specified in the config file.  If you intend to run as root, you can set user=root in the config file to avoid this message.
2018-10-16 17:10:58,691 INFO supervisord started with pid 1
2018-10-16 17:10:59,696 INFO spawned: 'nginx' with pid 9
2018-10-16 17:10:59,700 INFO spawned: 'uwsgi' with pid 10
2018-10-16 17:11:01,448 INFO success: nginx entered RUNNING state, process has stayed up for > than 1 seconds (startsecs)
2018-10-16 17:11:01,448 INFO success: uwsgi entered RUNNING state, process has stayed up for > than 1 seconds (startsecs)
2018-10-16 19:22:34,265 WARN received SIGTERM indicating exit request
2018-10-16 19:22:34,329 INFO waiting for nginx, uwsgi to die
2018-10-16 19:22:35,311 INFO stopped: uwsgi (exit status 0)
2018-10-16 19:22:35,420 INFO stopped: nginx (exit status 0)
2018-10-16 19:22:46,802 CRIT Supervisor is running as root.  Privileges were not dropped because no user is specified in the config file.  If you intend to run as root, you can set user=root in the config file to avoid this message.
2018-10-16 19:22:46,806 INFO supervisord started with pid 1
2018-10-16 19:22:47,809 INFO spawned: 'nginx' with pid 10
2018-10-16 19:22:47,811 INFO spawned: 'uwsgi' with pid 11
2018-10-16 19:22:48,941 INFO success: nginx entered RUNNING state, process has stayed up for > than 1 seconds (startsecs)
2018-10-16 19:22:48,941 INFO success: uwsgi entered RUNNING state, process has stayed up for > than 1 seconds (startsecs)
2018-10-16 19:26:43,894 WARN received SIGTERM indicating exit request
2018-10-16 19:26:43,895 INFO waiting for nginx, uwsgi to die
2018-10-16 19:26:44,899 INFO stopped: uwsgi (exit status 0)
2018-10-16 19:26:44,958 INFO stopped: nginx (exit status 0)
2018-10-16 19:26:48,044 CRIT Supervisor is running as root.  Privileges were not dropped because no user is specified in the config file.  If you intend to run as root, you can set user=root in the config file to avoid this message.
2018-10-16 19:26:48,045 INFO supervisord started with pid 1
2018-10-16 19:26:49,049 INFO spawned: 'nginx' with pid 9
2018-10-16 19:26:49,055 INFO spawned: 'uwsgi' with pid 10
2018-10-16 19:26:50,295 INFO success: nginx entered RUNNING state, process has stayed up for > than 1 seconds (startsecs)
2018-10-16 19:26:50,296 INFO success: uwsgi entered RUNNING state, process has stayed up for > than 1 seconds (startsecs)
2018-10-16 19:29:48,884 WARN received SIGTERM indicating exit request
2018-10-16 19:29:48,885 INFO waiting for nginx, uwsgi to die
2018-10-16 19:29:49,886 INFO stopped: uwsgi (exit status 0)
2018-10-16 19:29:49,942 INFO stopped: nginx (exit status 0)
2018-10-16 19:29:53,038 CRIT Supervisor is running as root.  Privileges were not dropped because no user is specified in the config file.  If you intend to run as root, you can set user=root in the config file to avoid this message.
2018-10-16 19:29:53,040 INFO supervisord started with pid 1
2018-10-16 19:29:54,044 INFO spawned: 'nginx' with pid 9
2018-10-16 19:29:54,049 INFO spawned: 'uwsgi' with pid 10
2018-10-16 19:29:55,120 INFO success: nginx entered RUNNING state, process has stayed up for > than 1 seconds (startsecs)
2018-10-16 19:29:55,121 INFO success: uwsgi entered RUNNING state, process has stayed up for > than 1 seconds (startsecs)
2018-10-16 19:31:04,147 WARN received SIGTERM indicating exit request
2018-10-16 19:31:04,147 INFO waiting for nginx, uwsgi to die
2018-10-16 19:31:06,151 INFO stopped: uwsgi (exit status 0)
2018-10-16 19:31:06,208 INFO stopped: nginx (exit status 0)
2018-10-16 19:31:09,517 CRIT Supervisor is running as root.  Privileges were not dropped because no user is specified in the config file.  If you intend to run as root, you can set user=root in the config file to avoid this message.
2018-10-16 19:31:09,519 INFO supervisord started with pid 1
2018-10-16 19:31:10,523 INFO spawned: 'nginx' with pid 11
2018-10-16 19:31:10,527 INFO spawned: 'uwsgi' with pid 12
2018-10-16 19:31:11,770 INFO success: nginx entered RUNNING state, process has stayed up for > than 1 seconds (startsecs)
2018-10-16 19:31:11,770 INFO success: uwsgi entered RUNNING state, process has stayed up for > than 1 seconds (startsecs)
2018-10-16 19:41:36,347 WARN received SIGTERM indicating exit request
2018-10-16 19:41:36,375 INFO waiting for nginx, uwsgi to die
2018-10-16 19:41:38,380 INFO stopped: uwsgi (exit status 0)
2018-10-16 19:41:38,427 INFO stopped: nginx (exit status 0)
2018-10-16 19:41:43,072 CRIT Supervisor is running as root.  Privileges were not dropped because no user is specified in the config file.  If you intend to run as root, you can set user=root in the config file to avoid this message.
2018-10-16 19:41:43,074 INFO supervisord started with pid 1
2018-10-16 19:41:44,076 INFO spawned: 'nginx' with pid 12
2018-10-16 19:41:44,078 INFO spawned: 'uwsgi' with pid 13
2018-10-16 19:41:45,153 INFO success: nginx entered RUNNING state, process has stayed up for > than 1 seconds (startsecs)
2018-10-16 19:41:45,153 INFO success: uwsgi entered RUNNING state, process has stayed up for > than 1 seconds (startsecs)
2018-10-16 19:44:12,830 WARN received SIGTERM indicating exit request
2018-10-16 19:44:12,862 INFO waiting for nginx, uwsgi to die
2018-10-16 19:44:14,864 INFO stopped: uwsgi (exit status 0)
2018-10-16 19:44:14,930 INFO stopped: nginx (exit status 0)
2018-10-16 19:44:18,401 CRIT Supervisor is running as root.  Privileges were not dropped because no user is specified in the config file.  If you intend to run as root, you can set user=root in the config file to avoid this message.
2018-10-16 19:44:18,402 INFO supervisord started with pid 1
2018-10-16 19:44:19,407 INFO spawned: 'nginx' with pid 9
2018-10-16 19:44:19,412 INFO spawned: 'uwsgi' with pid 10
2018-10-16 19:44:20,827 INFO success: nginx entered RUNNING state, process has stayed up for > than 1 seconds (startsecs)
2018-10-16 19:44:20,828 INFO success: uwsgi entered RUNNING state, process has stayed up for > than 1 seconds (startsecs)
2018-10-16 21:45:57,860 WARN received SIGTERM indicating exit request
2018-10-16 21:45:57,881 INFO waiting for nginx, uwsgi to die
2018-10-16 21:45:59,885 INFO stopped: uwsgi (exit status 0)
2018-10-16 21:45:59,922 INFO stopped: nginx (exit status 0)
2018-10-16 21:49:04,504 CRIT Supervisor is running as root.  Privileges were not dropped because no user is specified in the config file.  If you intend to run as root, you can set user=root in the config file to avoid this message.
2018-10-16 21:49:04,505 INFO supervisord started with pid 1
2018-10-16 21:49:05,511 INFO spawned: 'nginx' with pid 8
2018-10-16 21:49:05,515 INFO spawned: 'uwsgi' with pid 9
2018-10-16 21:49:07,259 INFO success: nginx entered RUNNING state, process has stayed up for > than 1 seconds (startsecs)
2018-10-16 21:49:07,259 INFO success: uwsgi entered RUNNING state, process has stayed up for > than 1 seconds (startsecs)
2018-10-16 21:54:17,534 WARN received SIGTERM indicating exit request
2018-10-16 21:54:17,606 INFO waiting for nginx, uwsgi to die
2018-10-16 21:54:18,610 INFO stopped: uwsgi (exit status 0)
2018-10-16 21:54:19,008 INFO stopped: nginx (exit status 0)
2018-10-16 21:56:54,287 CRIT Supervisor is running as root.  Privileges were not dropped because no user is specified in the config file.  If you intend to run as root, you can set user=root in the config file to avoid this message.
2018-10-16 21:56:54,288 INFO supervisord started with pid 1
2018-10-16 21:56:55,290 INFO spawned: 'nginx' with pid 9
2018-10-16 21:56:55,292 INFO spawned: 'uwsgi' with pid 10
2018-10-16 21:56:56,530 INFO success: nginx entered RUNNING state, process has stayed up for > than 1 seconds (startsecs)
2018-10-16 21:56:56,530 INFO success: uwsgi entered RUNNING state, process has stayed up for > than 1 seconds (startsecs)
2018-10-16 21:58:31,676 WARN received SIGTERM indicating exit request
2018-10-16 21:58:35,221 INFO waiting for nginx, uwsgi to die
2018-10-16 21:58:37,226 INFO stopped: uwsgi (exit status 0)
2018-10-16 21:58:39,041 INFO waiting for nginx to die
2018-10-16 21:58:39,910 INFO stopped: nginx (exit status 0)
2018-10-17 12:34:35,518 CRIT Supervisor is running as root.  Privileges were not dropped because no user is specified in the config file.  If you intend to run as root, you can set user=root in the config file to avoid this message.
2018-10-17 12:34:35,767 INFO supervisord started with pid 1
2018-10-17 12:34:36,771 INFO spawned: 'nginx' with pid 9
2018-10-17 12:34:36,899 INFO spawned: 'uwsgi' with pid 10
2018-10-17 12:34:37,901 INFO success: nginx entered RUNNING state, process has stayed up for > than 1 seconds (startsecs)
2018-10-17 12:34:37,901 INFO success: uwsgi entered RUNNING state, process has stayed up for > than 1 seconds (startsecs)
2018-10-17 12:36:19,165 WARN received SIGTERM indicating exit request
2018-10-17 12:36:19,165 INFO waiting for nginx, uwsgi to die
2018-10-17 12:36:20,170 INFO stopped: uwsgi (exit status 0)
2018-10-17 12:36:20,226 INFO stopped: nginx (exit status 0)
2018-10-17 12:38:26,239 CRIT Supervisor is running as root.  Privileges were not dropped because no user is specified in the config file.  If you intend to run as root, you can set user=root in the config file to avoid this message.
2018-10-17 12:38:26,241 INFO supervisord started with pid 1
2018-10-17 12:38:27,243 INFO spawned: 'nginx' with pid 9
2018-10-17 12:38:27,245 INFO spawned: 'uwsgi' with pid 10
2018-10-17 12:38:28,430 INFO success: nginx entered RUNNING state, process has stayed up for > than 1 seconds (startsecs)
2018-10-17 12:38:28,431 INFO success: uwsgi entered RUNNING state, process has stayed up for > than 1 seconds (startsecs)
2018-10-17 12:45:30,021 WARN received SIGTERM indicating exit request
2018-10-17 12:45:30,021 INFO waiting for nginx, uwsgi to die
2018-10-17 12:45:32,026 INFO stopped: uwsgi (exit status 0)
2018-10-17 12:45:32,081 INFO stopped: nginx (exit status 0)
2018-10-17 12:45:45,638 CRIT Supervisor is running as root.  Privileges were not dropped because no user is specified in the config file.  If you intend to run as root, you can set user=root in the config file to avoid this message.
2018-10-17 12:45:45,639 INFO supervisord started with pid 1
2018-10-17 12:45:46,641 INFO spawned: 'nginx' with pid 8
2018-10-17 12:45:46,643 INFO spawned: 'uwsgi' with pid 9
2018-10-17 12:45:48,504 INFO success: nginx entered RUNNING state, process has stayed up for > than 1 seconds (startsecs)
2018-10-17 12:45:48,504 INFO success: uwsgi entered RUNNING state, process has stayed up for > than 1 seconds (startsecs)
2018-10-17 13:01:27,002 WARN received SIGTERM indicating exit request
2018-10-17 13:01:27,002 INFO waiting for nginx, uwsgi to die
2018-10-17 13:01:29,010 INFO stopped: uwsgi (exit status 0)
2018-10-17 13:01:29,054 INFO stopped: nginx (exit status 0)
2018-10-17 13:58:59,061 CRIT Supervisor is running as root.  Privileges were not dropped because no user is specified in the config file.  If you intend to run as root, you can set user=root in the config file to avoid this message.
2018-10-17 13:58:59,062 INFO supervisord started with pid 1
2018-10-17 13:59:00,065 INFO spawned: 'nginx' with pid 9
2018-10-17 13:59:00,069 INFO spawned: 'uwsgi' with pid 10
2018-10-17 13:59:01,215 INFO success: nginx entered RUNNING state, process has stayed up for > than 1 seconds (startsecs)
2018-10-17 13:59:01,215 INFO success: uwsgi entered RUNNING state, process has stayed up for > than 1 seconds (startsecs)
2018-10-17 14:01:27,147 WARN received SIGTERM indicating exit request
2018-10-17 14:01:27,241 INFO waiting for nginx, uwsgi to die
2018-10-17 14:01:28,335 INFO stopped: uwsgi (exit status 0)
2018-10-17 14:01:28,771 INFO stopped: nginx (exit status 0)
2018-10-17 14:02:04,416 CRIT Supervisor is running as root.  Privileges were not dropped because no user is specified in the config file.  If you intend to run as root, you can set user=root in the config file to avoid this message.
2018-10-17 14:02:04,673 INFO supervisord started with pid 1
2018-10-17 14:02:05,676 INFO spawned: 'nginx' with pid 14
2018-10-17 14:02:05,682 INFO spawned: 'uwsgi' with pid 15
2018-10-17 14:02:06,929 INFO success: nginx entered RUNNING state, process has stayed up for > than 1 seconds (startsecs)
2018-10-17 14:02:06,930 INFO success: uwsgi entered RUNNING state, process has stayed up for > than 1 seconds (startsecs)
2018-10-17 14:03:46,165 WARN received SIGTERM indicating exit request
2018-10-17 14:03:47,116 INFO waiting for nginx, uwsgi to die
2018-10-17 14:03:50,373 INFO stopped: uwsgi (exit status 0)
2018-10-17 14:03:50,373 INFO waiting for nginx to die
2018-10-17 14:03:51,729 INFO stopped: nginx (exit status 0)
2018-10-17 19:12:13,203 CRIT Supervisor is running as root.  Privileges were not dropped because no user is specified in the config file.  If you intend to run as root, you can set user=root in the config file to avoid this message.
2018-10-17 19:12:13,345 INFO supervisord started with pid 1
2018-10-17 19:12:14,349 INFO spawned: 'nginx' with pid 9
2018-10-17 19:12:14,355 INFO spawned: 'uwsgi' with pid 10
2018-10-17 19:12:15,434 INFO success: nginx entered RUNNING state, process has stayed up for > than 1 seconds (startsecs)
2018-10-17 19:12:15,434 INFO success: uwsgi entered RUNNING state, process has stayed up for > than 1 seconds (startsecs)
2018-10-17 19:23:40,038 WARN received SIGTERM indicating exit request
2018-10-17 19:23:40,047 INFO waiting for nginx, uwsgi to die
2018-10-17 19:23:42,043 INFO stopped: uwsgi (exit status 0)
2018-10-17 19:23:42,092 INFO stopped: nginx (exit status 0)
2018-10-17 19:23:46,528 CRIT Supervisor is running as root.  Privileges were not dropped because no user is specified in the config file.  If you intend to run as root, you can set user=root in the config file to avoid this message.
2018-10-17 19:23:46,530 INFO supervisord started with pid 1
2018-10-17 19:23:47,532 INFO spawned: 'nginx' with pid 10
2018-10-17 19:23:47,534 INFO spawned: 'uwsgi' with pid 11
2018-10-17 19:23:48,819 INFO success: nginx entered RUNNING state, process has stayed up for > than 1 seconds (startsecs)
2018-10-17 19:23:48,819 INFO success: uwsgi entered RUNNING state, process has stayed up for > than 1 seconds (startsecs)
2018-10-17 19:38:59,505 WARN received SIGTERM indicating exit request
2018-10-17 19:38:59,505 INFO waiting for nginx, uwsgi to die
2018-10-17 19:39:01,510 INFO stopped: uwsgi (exit status 0)
2018-10-17 19:39:01,562 INFO stopped: nginx (exit status 0)
2018-10-17 19:39:04,857 CRIT Supervisor is running as root.  Privileges were not dropped because no user is specified in the config file.  If you intend to run as root, you can set user=root in the config file to avoid this message.
2018-10-17 19:39:04,859 INFO supervisord started with pid 1
2018-10-17 19:39:05,862 INFO spawned: 'nginx' with pid 9
2018-10-17 19:39:05,864 INFO spawned: 'uwsgi' with pid 10
2018-10-17 19:39:07,288 INFO success: nginx entered RUNNING state, process has stayed up for > than 1 seconds (startsecs)
2018-10-17 19:39:07,288 INFO success: uwsgi entered RUNNING state, process has stayed up for > than 1 seconds (startsecs)
2018-10-17 19:43:54,312 WARN received SIGTERM indicating exit request
2018-10-17 19:43:54,312 INFO waiting for nginx, uwsgi to die
2018-10-17 19:43:55,316 INFO stopped: uwsgi (exit status 0)
2018-10-17 19:43:55,369 INFO stopped: nginx (exit status 0)
2018-10-17 19:43:59,288 CRIT Supervisor is running as root.  Privileges were not dropped because no user is specified in the config file.  If you intend to run as root, you can set user=root in the config file to avoid this message.
2018-10-17 19:43:59,290 INFO supervisord started with pid 1
2018-10-17 19:44:00,292 INFO spawned: 'nginx' with pid 9
2018-10-17 19:44:00,294 INFO spawned: 'uwsgi' with pid 10
2018-10-17 19:44:01,583 INFO success: nginx entered RUNNING state, process has stayed up for > than 1 seconds (startsecs)
2018-10-17 19:44:01,583 INFO success: uwsgi entered RUNNING state, process has stayed up for > than 1 seconds (startsecs)
2018-10-17 19:54:57,544 WARN received SIGTERM indicating exit request
2018-10-17 19:54:57,544 INFO waiting for nginx, uwsgi to die
2018-10-17 19:54:59,552 INFO stopped: uwsgi (exit status 0)
2018-10-17 19:54:59,597 INFO stopped: nginx (exit status 0)
2018-10-17 19:55:02,832 CRIT Supervisor is running as root.  Privileges were not dropped because no user is specified in the config file.  If you intend to run as root, you can set user=root in the config file to avoid this message.
2018-10-17 19:55:02,833 INFO supervisord started with pid 1
2018-10-17 19:55:03,836 INFO spawned: 'nginx' with pid 8
2018-10-17 19:55:03,838 INFO spawned: 'uwsgi' with pid 9
2018-10-17 19:55:05,094 INFO success: nginx entered RUNNING state, process has stayed up for > than 1 seconds (startsecs)
2018-10-17 19:55:05,094 INFO success: uwsgi entered RUNNING state, process has stayed up for > than 1 seconds (startsecs)
2018-10-17 20:03:32,613 WARN received SIGTERM indicating exit request
2018-10-17 20:03:32,614 INFO waiting for nginx, uwsgi to die
2018-10-17 20:03:34,618 INFO stopped: uwsgi (exit status 0)
2018-10-17 20:03:34,682 INFO stopped: nginx (exit status 0)
2018-10-17 20:03:37,952 CRIT Supervisor is running as root.  Privileges were not dropped because no user is specified in the config file.  If you intend to run as root, you can set user=root in the config file to avoid this message.
2018-10-17 20:03:37,953 INFO supervisord started with pid 1
2018-10-17 20:03:38,956 INFO spawned: 'nginx' with pid 10
2018-10-17 20:03:38,958 INFO spawned: 'uwsgi' with pid 11
2018-10-17 20:03:40,024 INFO success: nginx entered RUNNING state, process has stayed up for > than 1 seconds (startsecs)
2018-10-17 20:03:40,024 INFO success: uwsgi entered RUNNING state, process has stayed up for > than 1 seconds (startsecs)
2018-10-17 20:04:15,770 WARN received SIGTERM indicating exit request
2018-10-17 20:04:15,770 INFO waiting for nginx, uwsgi to die
2018-10-17 20:04:16,773 INFO stopped: uwsgi (exit status 0)
2018-10-17 20:04:16,821 INFO stopped: nginx (exit status 0)
2018-10-17 20:04:20,610 CRIT Supervisor is running as root.  Privileges were not dropped because no user is specified in the config file.  If you intend to run as root, you can set user=root in the config file to avoid this message.
2018-10-17 20:04:20,613 INFO supervisord started with pid 1
2018-10-17 20:04:21,615 INFO spawned: 'nginx' with pid 9
2018-10-17 20:04:21,617 INFO spawned: 'uwsgi' with pid 10
2018-10-17 20:04:22,883 INFO success: nginx entered RUNNING state, process has stayed up for > than 1 seconds (startsecs)
2018-10-17 20:04:22,883 INFO success: uwsgi entered RUNNING state, process has stayed up for > than 1 seconds (startsecs)
2018-10-17 20:19:14,382 WARN received SIGTERM indicating exit request
2018-10-17 20:19:14,383 INFO waiting for nginx, uwsgi to die
2018-10-17 20:19:15,390 INFO stopped: uwsgi (exit status 0)
2018-10-17 20:19:15,440 INFO stopped: nginx (exit status 0)
2018-10-17 20:19:20,555 CRIT Supervisor is running as root.  Privileges were not dropped because no user is specified in the config file.  If you intend to run as root, you can set user=root in the config file to avoid this message.
2018-10-17 20:19:20,681 INFO supervisord started with pid 1
2018-10-17 20:19:21,684 INFO spawned: 'nginx' with pid 10
2018-10-17 20:19:21,685 INFO spawned: 'uwsgi' with pid 11
2018-10-17 20:19:23,034 INFO success: nginx entered RUNNING state, process has stayed up for > than 1 seconds (startsecs)
2018-10-17 20:19:23,034 INFO success: uwsgi entered RUNNING state, process has stayed up for > than 1 seconds (startsecs)
2018-10-17 20:23:18,971 WARN received SIGTERM indicating exit request
2018-10-17 20:23:18,971 INFO waiting for nginx, uwsgi to die
2018-10-17 20:23:19,975 INFO stopped: uwsgi (exit status 0)
2018-10-17 20:23:20,020 INFO stopped: nginx (exit status 0)
2018-10-17 20:23:25,005 CRIT Supervisor is running as root.  Privileges were not dropped because no user is specified in the config file.  If you intend to run as root, you can set user=root in the config file to avoid this message.
2018-10-17 20:23:25,006 INFO supervisord started with pid 1
2018-10-17 20:23:26,008 INFO spawned: 'nginx' with pid 8
2018-10-17 20:23:26,010 INFO spawned: 'uwsgi' with pid 9
2018-10-17 20:23:27,099 INFO success: nginx entered RUNNING state, process has stayed up for > than 1 seconds (startsecs)
2018-10-17 20:23:27,100 INFO success: uwsgi entered RUNNING state, process has stayed up for > than 1 seconds (startsecs)
2018-10-17 20:26:47,506 WARN received SIGTERM indicating exit request
2018-10-17 20:26:47,506 INFO waiting for nginx, uwsgi to die
2018-10-17 20:26:48,512 INFO stopped: uwsgi (exit status 0)
2018-10-17 20:26:48,566 INFO stopped: nginx (exit status 0)
2018-10-17 20:26:52,469 CRIT Supervisor is running as root.  Privileges were not dropped because no user is specified in the config file.  If you intend to run as root, you can set user=root in the config file to avoid this message.
2018-10-17 20:26:52,471 INFO supervisord started with pid 1
2018-10-17 20:26:53,472 INFO spawned: 'nginx' with pid 8
2018-10-17 20:26:53,474 INFO spawned: 'uwsgi' with pid 9
2018-10-17 20:26:54,836 INFO success: nginx entered RUNNING state, process has stayed up for > than 1 seconds (startsecs)
2018-10-17 20:26:54,836 INFO success: uwsgi entered RUNNING state, process has stayed up for > than 1 seconds (startsecs)
2018-10-17 20:29:16,843 WARN received SIGTERM indicating exit request
2018-10-17 20:29:16,844 INFO waiting for nginx, uwsgi to die
2018-10-17 20:29:18,851 INFO stopped: uwsgi (exit status 0)
2018-10-17 20:29:18,910 INFO stopped: nginx (exit status 0)
2018-10-17 20:29:22,165 CRIT Supervisor is running as root.  Privileges were not dropped because no user is specified in the config file.  If you intend to run as root, you can set user=root in the config file to avoid this message.
2018-10-17 20:29:22,166 INFO supervisord started with pid 1
2018-10-17 20:29:23,168 INFO spawned: 'nginx' with pid 9
2018-10-17 20:29:23,170 INFO spawned: 'uwsgi' with pid 10
2018-10-17 20:29:24,445 INFO success: nginx entered RUNNING state, process has stayed up for > than 1 seconds (startsecs)
2018-10-17 20:29:24,445 INFO success: uwsgi entered RUNNING state, process has stayed up for > than 1 seconds (startsecs)
2018-10-17 20:33:02,430 WARN received SIGTERM indicating exit request
2018-10-17 20:33:02,430 INFO waiting for nginx, uwsgi to die
2018-10-17 20:33:03,434 INFO stopped: uwsgi (exit status 0)
2018-10-17 20:33:03,480 INFO stopped: nginx (exit status 0)
2018-10-17 20:33:07,557 CRIT Supervisor is running as root.  Privileges were not dropped because no user is specified in the config file.  If you intend to run as root, you can set user=root in the config file to avoid this message.
2018-10-17 20:33:07,559 INFO supervisord started with pid 1
2018-10-17 20:33:08,562 INFO spawned: 'nginx' with pid 9
2018-10-17 20:33:08,567 INFO spawned: 'uwsgi' with pid 10
2018-10-17 20:33:10,033 INFO success: nginx entered RUNNING state, process has stayed up for > than 1 seconds (startsecs)
2018-10-17 20:33:10,033 INFO success: uwsgi entered RUNNING state, process has stayed up for > than 1 seconds (startsecs)
2018-10-17 20:34:24,341 WARN received SIGTERM indicating exit request
2018-10-17 20:34:24,342 INFO waiting for nginx, uwsgi to die
2018-10-17 20:34:25,348 INFO stopped: uwsgi (exit status 0)
2018-10-17 20:34:25,410 INFO stopped: nginx (exit status 0)
2018-10-17 20:34:30,110 CRIT Supervisor is running as root.  Privileges were not dropped because no user is specified in the config file.  If you intend to run as root, you can set user=root in the config file to avoid this message.
2018-10-17 20:34:30,112 INFO supervisord started with pid 1
2018-10-17 20:34:31,114 INFO spawned: 'nginx' with pid 9
2018-10-17 20:34:31,115 INFO spawned: 'uwsgi' with pid 10
2018-10-17 20:34:32,901 INFO success: nginx entered RUNNING state, process has stayed up for > than 1 seconds (startsecs)
2018-10-17 20:34:32,901 INFO success: uwsgi entered RUNNING state, process has stayed up for > than 1 seconds (startsecs)
2018-10-17 20:35:29,712 WARN received SIGTERM indicating exit request
2018-10-17 20:35:29,712 INFO waiting for nginx, uwsgi to die
2018-10-17 20:35:30,725 INFO stopped: uwsgi (exit status 0)
2018-10-17 20:35:30,785 INFO stopped: nginx (exit status 0)
2018-10-17 20:35:34,628 CRIT Supervisor is running as root.  Privileges were not dropped because no user is specified in the config file.  If you intend to run as root, you can set user=root in the config file to avoid this message.
2018-10-17 20:35:34,631 INFO supervisord started with pid 1
2018-10-17 20:35:35,632 INFO spawned: 'nginx' with pid 9
2018-10-17 20:35:35,634 INFO spawned: 'uwsgi' with pid 10
2018-10-17 20:35:36,908 INFO success: nginx entered RUNNING state, process has stayed up for > than 1 seconds (startsecs)
2018-10-17 20:35:36,909 INFO success: uwsgi entered RUNNING state, process has stayed up for > than 1 seconds (startsecs)
2018-10-17 20:39:16,638 WARN received SIGTERM indicating exit request
2018-10-17 20:39:16,638 INFO waiting for nginx, uwsgi to die
2018-10-17 20:39:17,645 INFO stopped: uwsgi (exit status 0)
2018-10-17 20:39:17,710 INFO stopped: nginx (exit status 0)
2018-10-17 20:39:24,608 CRIT Supervisor is running as root.  Privileges were not dropped because no user is specified in the config file.  If you intend to run as root, you can set user=root in the config file to avoid this message.
2018-10-17 20:39:24,613 INFO supervisord started with pid 1
2018-10-17 20:39:25,615 INFO spawned: 'nginx' with pid 9
2018-10-17 20:39:25,617 INFO spawned: 'uwsgi' with pid 10
2018-10-17 20:39:26,862 INFO success: nginx entered RUNNING state, process has stayed up for > than 1 seconds (startsecs)
2018-10-17 20:39:26,862 INFO success: uwsgi entered RUNNING state, process has stayed up for > than 1 seconds (startsecs)
2018-10-17 20:41:38,119 WARN received SIGTERM indicating exit request
2018-10-17 20:41:38,119 INFO waiting for nginx, uwsgi to die
2018-10-17 20:41:40,136 INFO stopped: uwsgi (exit status 0)
2018-10-17 20:41:40,194 INFO stopped: nginx (exit status 0)
2018-10-17 21:07:22,215 CRIT Supervisor is running as root.  Privileges were not dropped because no user is specified in the config file.  If you intend to run as root, you can set user=root in the config file to avoid this message.
2018-10-17 21:07:22,217 INFO supervisord started with pid 1
2018-10-17 21:07:23,221 INFO spawned: 'nginx' with pid 9
2018-10-17 21:07:23,226 INFO spawned: 'uwsgi' with pid 10
2018-10-17 21:07:24,278 INFO success: nginx entered RUNNING state, process has stayed up for > than 1 seconds (startsecs)
2018-10-17 21:07:24,278 INFO success: uwsgi entered RUNNING state, process has stayed up for > than 1 seconds (startsecs)
2018-10-17 21:46:01,715 WARN received SIGTERM indicating exit request
2018-10-17 21:46:02,442 INFO waiting for nginx, uwsgi to die
2018-10-17 21:46:05,579 INFO waiting for nginx, uwsgi to die
2018-10-17 21:46:06,789 INFO stopped: uwsgi (exit status 0)
2018-10-17 21:46:07,715 INFO stopped: nginx (exit status 0)
2018-10-17 22:04:03,200 CRIT Supervisor is running as root.  Privileges were not dropped because no user is specified in the config file.  If you intend to run as root, you can set user=root in the config file to avoid this message.
2018-10-17 22:04:03,201 INFO supervisord started with pid 1
2018-10-17 22:04:04,205 INFO spawned: 'nginx' with pid 9
2018-10-17 22:04:04,210 INFO spawned: 'uwsgi' with pid 10
2018-10-17 22:04:05,476 INFO success: nginx entered RUNNING state, process has stayed up for > than 1 seconds (startsecs)
2018-10-17 22:04:05,476 INFO success: uwsgi entered RUNNING state, process has stayed up for > than 1 seconds (startsecs)
2018-10-17 22:04:36,332 WARN received SIGTERM indicating exit request
2018-10-17 22:04:36,332 INFO waiting for nginx, uwsgi to die
2018-10-17 22:04:37,338 INFO stopped: uwsgi (exit status 0)
2018-10-17 22:04:37,401 INFO stopped: nginx (exit status 0)
2018-10-18 15:10:53,423 CRIT Supervisor is running as root.  Privileges were not dropped because no user is specified in the config file.  If you intend to run as root, you can set user=root in the config file to avoid this message.
2018-10-18 15:10:53,535 INFO supervisord started with pid 1
2018-10-18 15:10:54,539 INFO spawned: 'nginx' with pid 12
2018-10-18 15:10:54,544 INFO spawned: 'uwsgi' with pid 13
2018-10-18 15:10:55,684 INFO success: nginx entered RUNNING state, process has stayed up for > than 1 seconds (startsecs)
2018-10-18 15:10:55,684 INFO success: uwsgi entered RUNNING state, process has stayed up for > than 1 seconds (startsecs)
2018-10-18 15:17:29,435 WARN received SIGTERM indicating exit request
2018-10-18 15:17:29,497 INFO waiting for nginx, uwsgi to die
2018-10-18 15:17:31,504 INFO stopped: uwsgi (exit status 0)
2018-10-18 15:17:31,561 INFO stopped: nginx (exit status 0)
2018-10-18 15:18:04,079 CRIT Supervisor is running as root.  Privileges were not dropped because no user is specified in the config file.  If you intend to run as root, you can set user=root in the config file to avoid this message.
2018-10-18 15:18:04,441 INFO supervisord started with pid 1
2018-10-18 15:18:05,445 INFO spawned: 'nginx' with pid 9
2018-10-18 15:18:05,448 INFO spawned: 'uwsgi' with pid 10
2018-10-18 15:18:06,643 INFO success: nginx entered RUNNING state, process has stayed up for > than 1 seconds (startsecs)
2018-10-18 15:18:06,643 INFO success: uwsgi entered RUNNING state, process has stayed up for > than 1 seconds (startsecs)
2018-10-18 15:44:56,247 WARN received SIGTERM indicating exit request
2018-10-18 15:44:57,953 INFO waiting for nginx, uwsgi to die
2018-10-18 15:45:01,337 INFO waiting for nginx, uwsgi to die
2018-10-18 15:45:02,255 INFO stopped: uwsgi (exit status 0)
2018-10-18 15:45:04,245 INFO stopped: nginx (exit status 0)
2018-10-18 15:46:07,883 CRIT Supervisor is running as root.  Privileges were not dropped because no user is specified in the config file.  If you intend to run as root, you can set user=root in the config file to avoid this message.
2018-10-18 15:46:08,317 INFO supervisord started with pid 1
2018-10-18 15:46:09,319 INFO spawned: 'nginx' with pid 9
2018-10-18 15:46:09,321 INFO spawned: 'uwsgi' with pid 10
2018-10-18 15:46:10,352 INFO success: nginx entered RUNNING state, process has stayed up for > than 1 seconds (startsecs)
2018-10-18 15:46:10,352 INFO success: uwsgi entered RUNNING state, process has stayed up for > than 1 seconds (startsecs)
2018-10-18 21:15:59,493 WARN received SIGTERM indicating exit request
2018-10-18 21:15:59,527 INFO waiting for nginx, uwsgi to die
2018-10-18 21:16:02,689 INFO waiting for nginx, uwsgi to die
2018-10-18 21:16:03,692 INFO stopped: uwsgi (exit status 0)
2018-10-18 21:16:04,697 INFO stopped: nginx (exit status 0)
2018-10-18 21:18:02,395 CRIT Supervisor is running as root.  Privileges were not dropped because no user is specified in the config file.  If you intend to run as root, you can set user=root in the config file to avoid this message.
2018-10-18 21:18:02,632 INFO supervisord started with pid 1
2018-10-18 21:18:03,634 INFO spawned: 'nginx' with pid 8
2018-10-18 21:18:03,636 INFO spawned: 'uwsgi' with pid 9
2018-10-18 21:18:05,045 INFO success: nginx entered RUNNING state, process has stayed up for > than 1 seconds (startsecs)
2018-10-18 21:18:05,045 INFO success: uwsgi entered RUNNING state, process has stayed up for > than 1 seconds (startsecs)
2018-10-18 21:25:40,768 WARN received SIGTERM indicating exit request
2018-10-18 21:25:40,802 INFO waiting for nginx, uwsgi to die
2018-10-18 21:25:42,080 INFO stopped: uwsgi (exit status 0)
2018-10-18 21:25:42,212 INFO stopped: nginx (exit status 0)
2018-10-18 21:28:15,147 CRIT Supervisor is running as root.  Privileges were not dropped because no user is specified in the config file.  If you intend to run as root, you can set user=root in the config file to avoid this message.
2018-10-18 21:28:15,149 INFO supervisord started with pid 1
2018-10-18 21:28:16,152 INFO spawned: 'nginx' with pid 9
2018-10-18 21:28:16,156 INFO spawned: 'uwsgi' with pid 10
2018-10-18 21:28:17,417 INFO success: nginx entered RUNNING state, process has stayed up for > than 1 seconds (startsecs)
2018-10-18 21:28:17,418 INFO success: uwsgi entered RUNNING state, process has stayed up for > than 1 seconds (startsecs)
2018-10-18 21:32:30,863 WARN received SIGTERM indicating exit request
2018-10-18 21:32:31,038 INFO waiting for nginx, uwsgi to die
2018-10-18 21:32:32,042 INFO stopped: uwsgi (exit status 0)
2018-10-18 21:32:32,298 INFO stopped: nginx (exit status 0)
2018-10-18 21:34:39,884 CRIT Supervisor is running as root.  Privileges were not dropped because no user is specified in the config file.  If you intend to run as root, you can set user=root in the config file to avoid this message.
2018-10-18 21:34:39,885 INFO supervisord started with pid 1
2018-10-18 21:34:40,890 INFO spawned: 'nginx' with pid 8
2018-10-18 21:34:40,896 INFO spawned: 'uwsgi' with pid 9
2018-10-18 21:34:42,249 INFO success: nginx entered RUNNING state, process has stayed up for > than 1 seconds (startsecs)
2018-10-18 21:34:42,250 INFO success: uwsgi entered RUNNING state, process has stayed up for > than 1 seconds (startsecs)
2018-10-18 21:58:57,366 WARN received SIGTERM indicating exit request
2018-10-18 21:58:58,206 INFO waiting for nginx, uwsgi to die
2018-10-18 21:58:59,600 INFO stopped: uwsgi (exit status 0)
2018-10-19 01:21:38,500 CRIT Supervisor is running as root.  Privileges were not dropped because no user is specified in the config file.  If you intend to run as root, you can set user=root in the config file to avoid this message.
2018-10-19 01:21:38,912 INFO supervisord started with pid 1
2018-10-19 01:21:39,914 INFO spawned: 'nginx' with pid 11
2018-10-19 01:21:39,918 INFO spawned: 'uwsgi' with pid 12
2018-10-19 01:21:40,920 INFO success: nginx entered RUNNING state, process has stayed up for > than 1 seconds (startsecs)
2018-10-19 01:21:40,920 INFO success: uwsgi entered RUNNING state, process has stayed up for > than 1 seconds (startsecs)
2018-10-19 04:08:42,805 WARN received SIGTERM indicating exit request
2018-10-19 04:08:46,686 INFO waiting for nginx, uwsgi to die
2018-10-19 04:08:49,605 INFO waiting for nginx, uwsgi to die
2018-10-19 04:08:52,609 INFO waiting for nginx, uwsgi to die
2018-10-19 04:08:55,713 WARN killing 'uwsgi' (12) with SIGKILL
2018-10-19 04:08:55,713 INFO waiting for nginx, uwsgi to die
2018-10-19 04:08:56,185 INFO stopped: uwsgi (terminated by SIGKILL)
2018-10-19 04:08:59,499 INFO waiting for nginx to die
2018-10-19 04:09:02,501 INFO waiting for nginx to die
2018-10-19 04:09:05,504 INFO waiting for nginx to die
2018-10-19 04:09:06,504 WARN killing 'nginx' (11) with SIGKILL
2018-10-19 04:09:06,752 INFO stopped: nginx (terminated by SIGKILL)
2018-10-19 12:11:13,415 CRIT Supervisor is running as root.  Privileges were not dropped because no user is specified in the config file.  If you intend to run as root, you can set user=root in the config file to avoid this message.
2018-10-19 12:11:13,673 INFO supervisord started with pid 1
2018-10-19 12:11:14,677 INFO spawned: 'nginx' with pid 8
2018-10-19 12:11:14,682 INFO spawned: 'uwsgi' with pid 9
2018-10-19 12:11:15,684 INFO success: nginx entered RUNNING state, process has stayed up for > than 1 seconds (startsecs)
2018-10-19 12:11:15,684 INFO success: uwsgi entered RUNNING state, process has stayed up for > than 1 seconds (startsecs)
2018-10-19 13:22:03,760 WARN received SIGTERM indicating exit request
2018-10-19 13:22:12,766 INFO waiting for nginx, uwsgi to die
2018-10-19 13:22:16,239 INFO waiting for nginx, uwsgi to die
2018-10-19 13:22:19,241 INFO waiting for nginx, uwsgi to die
2018-10-19 13:22:21,408 WARN killing 'uwsgi' (9) with SIGKILL
2018-10-19 13:22:22,100 INFO stopped: uwsgi (terminated by SIGKILL)
2018-10-19 13:22:22,310 INFO reaped unknown pid 14
2018-10-19 13:22:22,326 INFO waiting for nginx to die
2018-10-19 13:22:25,590 INFO waiting for nginx to die
2018-10-19 13:22:27,806 INFO stopped: nginx (exit status 0)
2018-10-19 14:12:17,907 CRIT Supervisor is running as root.  Privileges were not dropped because no user is specified in the config file.  If you intend to run as root, you can set user=root in the config file to avoid this message.
2018-10-19 14:12:18,797 INFO supervisord started with pid 1
2018-10-19 14:12:19,801 INFO spawned: 'nginx' with pid 9
2018-10-19 14:12:19,805 INFO spawned: 'uwsgi' with pid 10
2018-10-19 14:12:20,808 INFO success: nginx entered RUNNING state, process has stayed up for > than 1 seconds (startsecs)
2018-10-19 14:12:20,808 INFO success: uwsgi entered RUNNING state, process has stayed up for > than 1 seconds (startsecs)
2018-10-19 14:17:13,845 WARN received SIGTERM indicating exit request
2018-10-19 14:17:15,009 INFO waiting for nginx, uwsgi to die
2018-10-19 14:17:16,964 INFO stopped: uwsgi (exit status 0)
2018-10-19 14:17:18,204 INFO waiting for nginx to die
2018-10-19 14:17:21,207 INFO waiting for nginx to die
2018-10-19 14:21:27,214 CRIT Supervisor is running as root.  Privileges were not dropped because no user is specified in the config file.  If you intend to run as root, you can set user=root in the config file to avoid this message.
2018-10-19 14:21:27,217 INFO supervisord started with pid 1
2018-10-19 14:21:28,221 INFO spawned: 'nginx' with pid 10
2018-10-19 14:21:28,223 INFO spawned: 'uwsgi' with pid 11
2018-10-19 14:21:29,699 INFO success: nginx entered RUNNING state, process has stayed up for > than 1 seconds (startsecs)
2018-10-19 14:21:29,699 INFO success: uwsgi entered RUNNING state, process has stayed up for > than 1 seconds (startsecs)
2018-10-19 15:12:54,364 WARN received SIGTERM indicating exit request
2018-10-19 15:12:54,477 INFO waiting for nginx, uwsgi to die
2018-10-19 15:12:55,592 INFO stopped: uwsgi (exit status 0)
2018-10-19 15:12:56,075 INFO stopped: nginx (exit status 0)
2018-10-19 15:13:17,813 CRIT Supervisor is running as root.  Privileges were not dropped because no user is specified in the config file.  If you intend to run as root, you can set user=root in the config file to avoid this message.
2018-10-19 15:13:17,933 INFO supervisord started with pid 1
2018-10-19 15:13:18,936 INFO spawned: 'nginx' with pid 9
2018-10-19 15:13:18,939 INFO spawned: 'uwsgi' with pid 10
2018-10-19 15:13:20,679 INFO success: nginx entered RUNNING state, process has stayed up for > than 1 seconds (startsecs)
2018-10-19 15:13:20,679 INFO success: uwsgi entered RUNNING state, process has stayed up for > than 1 seconds (startsecs)
2018-10-19 15:14:22,939 WARN received SIGTERM indicating exit request
2018-10-19 15:14:22,939 INFO waiting for nginx, uwsgi to die
2018-10-19 15:14:23,946 INFO stopped: uwsgi (exit status 0)
2018-10-19 15:14:24,001 INFO stopped: nginx (exit status 0)
2018-10-19 15:14:31,029 CRIT Supervisor is running as root.  Privileges were not dropped because no user is specified in the config file.  If you intend to run as root, you can set user=root in the config file to avoid this message.
2018-10-19 15:14:31,030 INFO supervisord started with pid 1
2018-10-19 15:14:32,034 INFO spawned: 'nginx' with pid 9
2018-10-19 15:14:32,037 INFO spawned: 'uwsgi' with pid 10
2018-10-19 15:14:33,247 INFO success: nginx entered RUNNING state, process has stayed up for > than 1 seconds (startsecs)
2018-10-19 15:14:33,247 INFO success: uwsgi entered RUNNING state, process has stayed up for > than 1 seconds (startsecs)
2018-10-19 18:01:52,517 WARN received SIGTERM indicating exit request
2018-10-19 18:01:52,611 INFO waiting for nginx, uwsgi to die
2018-10-19 18:01:53,617 INFO stopped: uwsgi (exit status 0)
2018-10-19 18:01:53,949 INFO stopped: nginx (exit status 0)
2018-10-19 18:02:12,210 CRIT Supervisor is running as root.  Privileges were not dropped because no user is specified in the config file.  If you intend to run as root, you can set user=root in the config file to avoid this message.
2018-10-19 18:02:12,319 INFO supervisord started with pid 1
2018-10-19 18:02:13,322 INFO spawned: 'nginx' with pid 10
2018-10-19 18:02:13,325 INFO spawned: 'uwsgi' with pid 11
2018-10-19 18:02:14,891 INFO success: nginx entered RUNNING state, process has stayed up for > than 1 seconds (startsecs)
2018-10-19 18:02:14,891 INFO success: uwsgi entered RUNNING state, process has stayed up for > than 1 seconds (startsecs)
2018-10-19 18:05:27,136 WARN received SIGTERM indicating exit request
2018-10-19 18:05:27,147 INFO waiting for nginx, uwsgi to die
2018-10-19 18:05:29,152 INFO stopped: uwsgi (exit status 0)
2018-10-19 18:05:29,186 INFO stopped: nginx (exit status 0)
2018-10-19 18:15:46,141 CRIT Supervisor is running as root.  Privileges were not dropped because no user is specified in the config file.  If you intend to run as root, you can set user=root in the config file to avoid this message.
2018-10-19 18:15:46,297 INFO supervisord started with pid 1
2018-10-19 18:15:47,299 INFO spawned: 'nginx' with pid 9
2018-10-19 18:15:47,302 INFO spawned: 'uwsgi' with pid 10
2018-10-19 18:15:48,619 INFO success: nginx entered RUNNING state, process has stayed up for > than 1 seconds (startsecs)
2018-10-19 18:15:48,619 INFO success: uwsgi entered RUNNING state, process has stayed up for > than 1 seconds (startsecs)
2018-10-19 21:49:41,815 WARN received SIGTERM indicating exit request
2018-10-19 21:49:43,507 INFO waiting for nginx, uwsgi to die
2018-10-19 21:49:46,519 INFO waiting for nginx, uwsgi to die
2018-10-19 21:49:48,259 INFO stopped: uwsgi (exit status 0)
2018-10-19 21:49:50,261 INFO waiting for nginx to die
2018-10-19 21:49:51,981 INFO stopped: nginx (exit status 0)
2018-10-22 13:37:02,450 CRIT Supervisor is running as root.  Privileges were not dropped because no user is specified in the config file.  If you intend to run as root, you can set user=root in the config file to avoid this message.
2018-10-22 13:37:02,809 INFO supervisord started with pid 1
2018-10-22 13:37:03,812 INFO spawned: 'nginx' with pid 9
2018-10-22 13:37:03,816 INFO spawned: 'uwsgi' with pid 10
2018-10-22 13:37:05,480 INFO success: nginx entered RUNNING state, process has stayed up for > than 1 seconds (startsecs)
2018-10-22 13:37:05,480 INFO success: uwsgi entered RUNNING state, process has stayed up for > than 1 seconds (startsecs)
2018-10-22 13:39:24,477 WARN received SIGTERM indicating exit request
2018-10-22 13:39:24,651 INFO waiting for nginx, uwsgi to die
2018-10-22 13:39:25,806 INFO stopped: uwsgi (exit status 0)
2018-10-22 13:39:26,091 INFO stopped: nginx (exit status 0)
2018-10-22 16:30:11,351 CRIT Supervisor is running as root.  Privileges were not dropped because no user is specified in the config file.  If you intend to run as root, you can set user=root in the config file to avoid this message.
2018-10-22 16:30:11,836 INFO supervisord started with pid 1
2018-10-22 16:30:12,840 INFO spawned: 'nginx' with pid 8
2018-10-22 16:30:12,846 INFO spawned: 'uwsgi' with pid 9
2018-10-22 16:30:13,848 INFO success: nginx entered RUNNING state, process has stayed up for > than 1 seconds (startsecs)
2018-10-22 16:30:13,848 INFO success: uwsgi entered RUNNING state, process has stayed up for > than 1 seconds (startsecs)
2018-10-22 16:50:24,602 WARN received SIGTERM indicating exit request
2018-10-22 16:52:03,733 CRIT Supervisor is running as root.  Privileges were not dropped because no user is specified in the config file.  If you intend to run as root, you can set user=root in the config file to avoid this message.
2018-10-22 16:52:04,381 INFO supervisord started with pid 1
2018-10-22 16:52:05,385 INFO spawned: 'nginx' with pid 8
2018-10-22 16:52:05,389 INFO spawned: 'uwsgi' with pid 9
2018-10-22 16:52:06,391 INFO success: nginx entered RUNNING state, process has stayed up for > than 1 seconds (startsecs)
2018-10-22 16:52:06,391 INFO success: uwsgi entered RUNNING state, process has stayed up for > than 1 seconds (startsecs)
2018-10-22 17:56:09,349 WARN received SIGTERM indicating exit request
2018-10-22 18:02:06,640 CRIT Supervisor is running as root.  Privileges were not dropped because no user is specified in the config file.  If you intend to run as root, you can set user=root in the config file to avoid this message.
2018-10-22 18:02:07,145 INFO supervisord started with pid 1
2018-10-22 18:02:08,147 INFO spawned: 'nginx' with pid 9
2018-10-22 18:02:08,149 INFO spawned: 'uwsgi' with pid 10
2018-10-22 18:02:09,151 INFO success: nginx entered RUNNING state, process has stayed up for > than 1 seconds (startsecs)
2018-10-22 18:02:09,151 INFO success: uwsgi entered RUNNING state, process has stayed up for > than 1 seconds (startsecs)
2018-10-22 18:34:01,444 WARN received SIGTERM indicating exit request
2018-10-22 18:34:06,389 INFO waiting for nginx, uwsgi to die
2018-10-22 19:37:23,767 CRIT Supervisor is running as root.  Privileges were not dropped because no user is specified in the config file.  If you intend to run as root, you can set user=root in the config file to avoid this message.
2018-10-22 19:37:24,514 INFO supervisord started with pid 1
2018-10-22 19:37:25,518 INFO spawned: 'nginx' with pid 9
2018-10-22 19:37:25,522 INFO spawned: 'uwsgi' with pid 10
2018-10-22 19:37:26,524 INFO success: nginx entered RUNNING state, process has stayed up for > than 1 seconds (startsecs)
2018-10-22 19:37:26,525 INFO success: uwsgi entered RUNNING state, process has stayed up for > than 1 seconds (startsecs)
2018-10-22 19:56:59,085 WARN received SIGTERM indicating exit request
2018-10-22 20:10:53,071 CRIT Supervisor is running as root.  Privileges were not dropped because no user is specified in the config file.  If you intend to run as root, you can set user=root in the config file to avoid this message.
2018-10-22 20:10:54,222 INFO supervisord started with pid 1
2018-10-22 20:10:55,225 INFO spawned: 'nginx' with pid 8
2018-10-22 20:10:55,230 INFO spawned: 'uwsgi' with pid 9
2018-10-22 20:10:56,232 INFO success: nginx entered RUNNING state, process has stayed up for > than 1 seconds (startsecs)
2018-10-22 20:10:56,233 INFO success: uwsgi entered RUNNING state, process has stayed up for > than 1 seconds (startsecs)
2018-10-22 20:22:39,962 WARN received SIGTERM indicating exit request
2018-10-22 20:22:41,514 INFO waiting for nginx, uwsgi to die
2018-10-22 20:22:44,695 INFO waiting for nginx, uwsgi to die
2018-10-22 20:22:48,062 INFO stopped: uwsgi (exit status 0)
2018-10-22 20:22:48,268 INFO waiting for nginx to die
2018-10-22 20:26:13,641 CRIT Supervisor is running as root.  Privileges were not dropped because no user is specified in the config file.  If you intend to run as root, you can set user=root in the config file to avoid this message.
2018-10-22 20:26:13,825 INFO supervisord started with pid 1
2018-10-22 20:26:14,829 INFO spawned: 'nginx' with pid 9
2018-10-22 20:26:14,833 INFO spawned: 'uwsgi' with pid 10
2018-10-22 20:26:15,835 INFO success: nginx entered RUNNING state, process has stayed up for > than 1 seconds (startsecs)
2018-10-22 20:26:15,835 INFO success: uwsgi entered RUNNING state, process has stayed up for > than 1 seconds (startsecs)
2018-10-22 21:00:39,960 WARN received SIGTERM indicating exit request
2018-10-22 21:00:42,203 INFO waiting for nginx, uwsgi to die
2018-10-22 21:00:45,253 INFO waiting for nginx, uwsgi to die
2018-10-22 21:21:45,634 CRIT Supervisor is running as root.  Privileges were not dropped because no user is specified in the config file.  If you intend to run as root, you can set user=root in the config file to avoid this message.
2018-10-22 21:21:46,210 INFO supervisord started with pid 1
2018-10-22 21:21:47,212 INFO spawned: 'nginx' with pid 9
2018-10-22 21:21:47,214 INFO spawned: 'uwsgi' with pid 10
2018-10-22 21:21:48,216 INFO success: nginx entered RUNNING state, process has stayed up for > than 1 seconds (startsecs)
2018-10-22 21:21:48,253 INFO success: uwsgi entered RUNNING state, process has stayed up for > than 1 seconds (startsecs)
2018-10-22 22:01:46,789 WARN received SIGTERM indicating exit request
2018-10-22 22:01:55,213 INFO waiting for nginx, uwsgi to die
2018-10-22 22:01:59,489 INFO waiting for nginx, uwsgi to die
2018-10-22 22:02:03,063 WARN killing 'uwsgi' (10) with SIGKILL
2018-10-22 22:02:03,064 INFO waiting for nginx, uwsgi to die
2018-10-22 22:02:07,070 INFO stopped: uwsgi (terminated by SIGKILL)
2018-10-22 22:02:08,123 INFO waiting for nginx to die
2018-10-22 22:02:11,609 INFO waiting for nginx to die
2018-10-22 22:02:14,613 INFO waiting for nginx to die
2018-10-22 22:02:17,616 INFO waiting for nginx to die
2018-10-22 22:02:18,618 WARN killing 'nginx' (9) with SIGKILL
2018-10-22 22:02:19,125 INFO stopped: nginx (terminated by SIGKILL)
2018-10-23 15:07:54,742 CRIT Supervisor is running as root.  Privileges were not dropped because no user is specified in the config file.  If you intend to run as root, you can set user=root in the config file to avoid this message.
2018-10-23 15:07:55,377 INFO supervisord started with pid 1
2018-10-23 15:07:56,382 INFO spawned: 'nginx' with pid 9
2018-10-23 15:07:56,386 INFO spawned: 'uwsgi' with pid 10
2018-10-23 15:07:57,388 INFO success: nginx entered RUNNING state, process has stayed up for > than 1 seconds (startsecs)
2018-10-23 15:07:57,389 INFO success: uwsgi entered RUNNING state, process has stayed up for > than 1 seconds (startsecs)
2018-10-23 15:27:20,929 WARN received SIGTERM indicating exit request
